Started GET "/" for 127.0.0.1 at 2017-11-01 09:22:09 -0500
Processing by PagesController#home as HTML
  Rendering pages/home.html.erb within layouts/application
  Rendered pages/home.html.erb within layouts/application (2.9ms)
Completed 200 OK in 641ms (Views: 306.0ms)


Started GET "/about" for 127.0.0.1 at 2017-11-01 09:22:19 -0500
Processing by PagesController#about as HTML
  Rendering pages/about.html.erb within layouts/application
  Rendered pages/about.html.erb within layouts/application (0.3ms)
Completed 200 OK in 17ms (Views: 14.9ms)


Started GET "/about" for 127.0.0.1 at 2017-11-01 09:24:13 -0500
Processing by PagesController#about as HTML
  Rendering pages/about.html.erb within layouts/application
  Rendered pages/about.html.erb within layouts/application (0.9ms)
Completed 200 OK in 24ms (Views: 21.0ms)


Started GET "/" for 127.0.0.1 at 2017-11-01 09:24:15 -0500
Processing by PagesController#home as HTML
  Rendering pages/home.html.erb within layouts/application
  Rendered pages/home.html.erb within layouts/application (0.3ms)
Completed 200 OK in 20ms (Views: 15.8ms)


Started GET "/" for 127.0.0.1 at 2017-11-01 09:25:05 -0500
Processing by PagesController#home as HTML
  Rendering pages/home.html.erb within layouts/application
  Rendered pages/home.html.erb within layouts/application (0.6ms)
Completed 200 OK in 20ms (Views: 16.7ms)


Started GET "/about" for 127.0.0.1 at 2017-11-01 09:25:07 -0500
Processing by PagesController#about as HTML
  Rendering pages/about.html.erb within layouts/application
  Rendered pages/about.html.erb within layouts/application (0.7ms)
Completed 200 OK in 23ms (Views: 17.3ms)


Started GET "/" for 127.0.0.1 at 2017-11-01 09:25:07 -0500
Processing by PagesController#home as HTML
  Rendering pages/home.html.erb within layouts/application
  Rendered pages/home.html.erb within layouts/application (1.3ms)
Completed 200 OK in 22ms (Views: 18.9ms)


Started GET "/about" for 127.0.0.1 at 2017-11-01 09:25:08 -0500
Processing by PagesController#about as HTML
  Rendering pages/about.html.erb within layouts/application
  Rendered pages/about.html.erb within layouts/application (0.7ms)
Completed 200 OK in 21ms (Views: 17.1ms)


Started GET "/" for 127.0.0.1 at 2017-11-01 09:25:08 -0500
Processing by PagesController#home as HTML
  Rendering pages/home.html.erb within layouts/application
  Rendered pages/home.html.erb within layouts/application (0.6ms)
Completed 200 OK in 24ms (Views: 18.7ms)


Started GET "/" for 127.0.0.1 at 2017-11-01 09:28:33 -0500
Processing by PagesController#home as HTML
  Rendering pages/home.html.erb within layouts/application
  Rendered pages/home.html.erb within layouts/application (0.4ms)
Completed 200 OK in 17ms (Views: 13.6ms)


Started GET "/about" for 127.0.0.1 at 2017-11-01 09:28:41 -0500
Processing by PagesController#about as HTML
  Rendering pages/about.html.erb within layouts/application
  Rendered pages/about.html.erb within layouts/application (0.6ms)
Completed 200 OK in 22ms (Views: 17.7ms)


Started GET "/" for 127.0.0.1 at 2017-11-01 09:28:44 -0500
Processing by PagesController#home as HTML
  Rendering pages/home.html.erb within layouts/application
  Rendered pages/home.html.erb within layouts/application (0.6ms)
Completed 200 OK in 28ms (Views: 22.3ms)


Started GET "/" for 127.0.0.1 at 2017-11-01 09:29:19 -0500
Processing by PagesController#home as HTML
  Rendering pages/home.html.erb within layouts/application
  Rendered pages/home.html.erb within layouts/application (0.5ms)
Completed 200 OK in 16ms (Views: 13.7ms)


Started GET "/about" for 127.0.0.1 at 2017-11-01 09:29:21 -0500
Processing by PagesController#about as HTML
  Rendering pages/about.html.erb within layouts/application
  Rendered pages/about.html.erb within layouts/application (0.7ms)
Completed 200 OK in 20ms (Views: 16.8ms)


Started GET "/about" for 127.0.0.1 at 2017-11-01 09:31:16 -0500
Processing by PagesController#about as HTML
  Rendering pages/about.html.erb within layouts/application
  Rendered pages/about.html.erb within layouts/application (0.9ms)
Completed 200 OK in 26ms (Views: 22.1ms)


Started GET "/about" for 127.0.0.1 at 2017-11-01 09:32:25 -0500
Processing by PagesController#about as HTML
  Rendering pages/about.html.erb within layouts/application
  Rendered pages/about.html.erb within layouts/application (0.5ms)
Completed 200 OK in 16ms (Views: 13.4ms)


Started GET "/about" for 127.0.0.1 at 2017-11-01 09:33:09 -0500
Processing by PagesController#about as HTML
  Rendering pages/about.html.erb within layouts/application
  Rendered pages/about.html.erb within layouts/application (0.5ms)
Completed 200 OK in 16ms (Views: 13.9ms)


Started GET "/about" for 127.0.0.1 at 2017-11-01 09:33:30 -0500
Processing by PagesController#about as HTML
  Rendering pages/about.html.erb within layouts/application
  Rendered pages/about.html.erb within layouts/application (0.5ms)
Completed 200 OK in 18ms (Views: 14.5ms)


Started GET "/about" for 127.0.0.1 at 2017-11-01 09:33:58 -0500
Processing by PagesController#about as HTML
  Rendering pages/about.html.erb within layouts/application
  Rendered pages/about.html.erb within layouts/application (0.7ms)
Completed 200 OK in 18ms (Views: 15.0ms)


Started GET "/about" for 127.0.0.1 at 2017-11-01 09:34:21 -0500
Processing by PagesController#about as HTML
  Rendering pages/about.html.erb within layouts/application
  Rendered pages/about.html.erb within layouts/application (0.6ms)
Completed 200 OK in 21ms (Views: 17.2ms)


Started GET "/about" for 127.0.0.1 at 2017-11-01 09:34:40 -0500
Processing by PagesController#about as HTML
  Rendering pages/about.html.erb within layouts/application
  Rendered pages/about.html.erb within layouts/application (0.6ms)
Completed 200 OK in 24ms (Views: 20.5ms)


Started GET "/about" for 127.0.0.1 at 2017-11-01 09:34:57 -0500
Processing by PagesController#about as HTML
  Rendering pages/about.html.erb within layouts/application
  Rendered pages/about.html.erb within layouts/application (0.5ms)
Completed 200 OK in 19ms (Views: 15.8ms)


Started GET "/about" for 127.0.0.1 at 2017-11-01 09:35:06 -0500
Processing by PagesController#about as HTML
  Rendering pages/about.html.erb within layouts/application
  Rendered pages/about.html.erb within layouts/application (0.6ms)
Completed 200 OK in 19ms (Views: 16.8ms)


Started GET "/" for 127.0.0.1 at 2017-11-01 09:35:08 -0500
Processing by PagesController#home as HTML
  Rendering pages/home.html.erb within layouts/application
  Rendered pages/home.html.erb within layouts/application (0.8ms)
Completed 200 OK in 21ms (Views: 17.7ms)


Started GET "/about" for 127.0.0.1 at 2017-11-01 09:35:10 -0500
Processing by PagesController#about as HTML
  Rendering pages/about.html.erb within layouts/application
  Rendered pages/about.html.erb within layouts/application (1.5ms)
Completed 200 OK in 27ms (Views: 19.2ms)


Started GET "/" for 127.0.0.1 at 2017-11-01 09:35:12 -0500
Processing by PagesController#home as HTML
  Rendering pages/home.html.erb within layouts/application
  Rendered pages/home.html.erb within layouts/application (0.8ms)
Completed 200 OK in 34ms (Views: 27.6ms)


Started GET "/about" for 127.0.0.1 at 2017-11-01 09:35:13 -0500
Processing by PagesController#about as HTML
  Rendering pages/about.html.erb within layouts/application
  Rendered pages/about.html.erb within layouts/application (0.9ms)
Completed 200 OK in 25ms (Views: 19.4ms)


Started GET "/about" for 127.0.0.1 at 2017-11-01 09:35:43 -0500
Processing by PagesController#about as HTML
  Rendering pages/about.html.erb within layouts/application
  Rendered pages/about.html.erb within layouts/application (0.5ms)
Completed 200 OK in 15ms (Views: 13.1ms)


Started GET "/" for 127.0.0.1 at 2017-11-01 09:35:55 -0500
Processing by PagesController#home as HTML
  Rendering pages/home.html.erb within layouts/application
  Rendered pages/home.html.erb within layouts/application (0.5ms)
Completed 200 OK in 22ms (Views: 16.9ms)


Started GET "/about" for 127.0.0.1 at 2017-11-01 09:35:56 -0500
Processing by PagesController#about as HTML
  Rendering pages/about.html.erb within layouts/application
  Rendered pages/about.html.erb within layouts/application (0.7ms)
Completed 200 OK in 23ms (Views: 18.8ms)


Started GET "/" for 127.0.0.1 at 2017-11-01 09:35:57 -0500
Processing by PagesController#home as HTML
  Rendering pages/home.html.erb within layouts/application
  Rendered pages/home.html.erb within layouts/application (0.9ms)
Completed 200 OK in 25ms (Views: 22.5ms)


Started GET "/about" for 127.0.0.1 at 2017-11-01 09:36:11 -0500
Processing by PagesController#about as HTML
  Rendering pages/about.html.erb within layouts/application
  Rendered pages/about.html.erb within layouts/application (0.8ms)
Completed 200 OK in 24ms (Views: 19.2ms)


Started GET "/about" for 127.0.0.1 at 2017-11-01 09:39:00 -0500
Processing by PagesController#about as HTML
  Rendering pages/about.html.erb within layouts/application
  Rendered pages/about.html.erb within layouts/application (0.6ms)
Completed 200 OK in 16ms (Views: 14.3ms)


Started GET "/" for 127.0.0.1 at 2017-11-01 09:39:01 -0500
Processing by PagesController#home as HTML
  Rendering pages/home.html.erb within layouts/application
  Rendered pages/home.html.erb within layouts/application (0.6ms)
Completed 200 OK in 23ms (Views: 19.4ms)


Started GET "/politica" for 127.0.0.1 at 2017-11-01 09:39:06 -0500
Processing by PagesController#politica as HTML
  Rendering pages/politica.html.erb within layouts/application
  Rendered pages/politica.html.erb within layouts/application (0.6ms)
Completed 200 OK in 16ms (Views: 13.4ms)


Started GET "/" for 127.0.0.1 at 2017-11-01 09:39:13 -0500
Processing by PagesController#home as HTML
  Rendering pages/home.html.erb within layouts/application
  Rendered pages/home.html.erb within layouts/application (0.8ms)
Completed 200 OK in 28ms (Views: 21.5ms)


Started GET "/" for 127.0.0.1 at 2017-11-01 09:39:21 -0500
Processing by PagesController#home as HTML
  Rendering pages/home.html.erb within layouts/application
  Rendered pages/home.html.erb within layouts/application (0.6ms)
Completed 200 OK in 16ms (Views: 14.5ms)


Started GET "/" for 127.0.0.1 at 2017-11-01 09:39:52 -0500
Processing by PagesController#home as HTML
  Rendering pages/home.html.erb within layouts/application
  Rendered pages/home.html.erb within layouts/application (0.6ms)
Completed 200 OK in 19ms (Views: 15.8ms)


Started GET "/about" for 127.0.0.1 at 2017-11-01 09:39:54 -0500
Processing by PagesController#about as HTML
  Rendering pages/about.html.erb within layouts/application
  Rendered pages/about.html.erb within layouts/application (0.6ms)
Completed 200 OK in 22ms (Views: 18.3ms)


Started GET "/" for 127.0.0.1 at 2017-11-01 09:39:56 -0500
Processing by PagesController#home as HTML
  Rendering pages/home.html.erb within layouts/application
  Rendered pages/home.html.erb within layouts/application (1.0ms)
Completed 200 OK in 31ms (Views: 25.2ms)


Started GET "/politica" for 127.0.0.1 at 2017-11-01 09:39:58 -0500
Processing by PagesController#politica as HTML
  Rendering pages/politica.html.erb within layouts/application
  Rendered pages/politica.html.erb within layouts/application (0.7ms)
Completed 200 OK in 25ms (Views: 19.2ms)


Started GET "/" for 127.0.0.1 at 2017-11-01 09:40:01 -0500
Processing by PagesController#home as HTML
  Rendering pages/home.html.erb within layouts/application
  Rendered pages/home.html.erb within layouts/application (0.8ms)
Completed 200 OK in 26ms (Views: 22.5ms)


Started GET "/politica" for 127.0.0.1 at 2017-11-01 09:40:06 -0500
Processing by PagesController#politica as HTML
  Rendering pages/politica.html.erb within layouts/application
  Rendered pages/politica.html.erb within layouts/application (0.7ms)
Completed 200 OK in 23ms (Views: 19.6ms)


Started GET "/" for 127.0.0.1 at 2017-11-01 09:40:09 -0500
Processing by PagesController#home as HTML
  Rendering pages/home.html.erb within layouts/application
  Rendered pages/home.html.erb within layouts/application (1.0ms)
Completed 200 OK in 25ms (Views: 20.6ms)


Started GET "/" for 127.0.0.1 at 2017-11-01 09:40:40 -0500
Processing by PagesController#home as HTML
  Rendering pages/home.html.erb within layouts/application
  Rendered pages/home.html.erb within layouts/application (0.6ms)
Completed 200 OK in 15ms (Views: 12.4ms)


Started GET "/politica" for 127.0.0.1 at 2017-11-01 09:40:42 -0500
Processing by PagesController#politica as HTML
  Rendering pages/politica.html.erb within layouts/application
  Rendered pages/politica.html.erb within layouts/application (0.5ms)
Completed 200 OK in 21ms (Views: 16.2ms)


Started GET "/" for 127.0.0.1 at 2017-11-01 09:40:47 -0500
Processing by PagesController#home as HTML
  Rendering pages/home.html.erb within layouts/application
  Rendered pages/home.html.erb within layouts/application (1.2ms)
Completed 200 OK in 26ms (Views: 22.0ms)


Started GET "/about" for 127.0.0.1 at 2017-11-01 09:40:49 -0500
Processing by PagesController#about as HTML
  Rendering pages/about.html.erb within layouts/application
  Rendered pages/about.html.erb within layouts/application (0.6ms)
Completed 200 OK in 21ms (Views: 16.8ms)


Started GET "/" for 127.0.0.1 at 2017-11-01 09:40:50 -0500
Processing by PagesController#home as HTML
  Rendering pages/home.html.erb within layouts/application
  Rendered pages/home.html.erb within layouts/application (1.0ms)
Completed 200 OK in 26ms (Views: 20.2ms)


Started GET "/" for 127.0.0.1 at 2017-11-01 09:47:00 -0500
Processing by PagesController#home as HTML
  Rendering pages/home.html.erb within layouts/application
  Rendered pages/home.html.erb within layouts/application (1.2ms)
Completed 200 OK in 309ms (Views: 178.6ms)


Started GET "/politica" for 127.0.0.1 at 2017-11-01 09:47:01 -0500
Processing by PagesController#politica as HTML
  Rendering pages/politica.html.erb within layouts/application
  Rendered pages/politica.html.erb within layouts/application (0.7ms)
Completed 200 OK in 37ms (Views: 31.6ms)


Started GET "/" for 127.0.0.1 at 2017-11-01 09:47:04 -0500
Processing by PagesController#home as HTML
  Rendering pages/home.html.erb within layouts/application
  Rendered pages/home.html.erb within layouts/application (1.0ms)
Completed 200 OK in 25ms (Views: 19.3ms)


Started GET "/about" for 127.0.0.1 at 2017-11-01 09:47:05 -0500
Processing by PagesController#about as HTML
  Rendering pages/about.html.erb within layouts/application
  Rendered pages/about.html.erb within layouts/application (0.9ms)
Completed 200 OK in 30ms (Views: 22.9ms)


Started GET "/" for 127.0.0.1 at 2017-11-01 09:47:12 -0500
Processing by PagesController#home as HTML
  Rendering pages/home.html.erb within layouts/application
  Rendered pages/home.html.erb within layouts/application (1.0ms)
Completed 200 OK in 35ms (Views: 31.8ms)


Started GET "/about" for 127.0.0.1 at 2017-11-01 09:50:39 -0500
Processing by PagesController#about as HTML
  Rendering pages/about.html.erb within layouts/application
  Rendered pages/about.html.erb within layouts/application (1.0ms)
Completed 200 OK in 27ms (Views: 22.8ms)


Started GET "/" for 127.0.0.1 at 2017-11-01 09:50:42 -0500
Processing by PagesController#home as HTML
  Rendering pages/home.html.erb within layouts/application
  Rendered pages/home.html.erb within layouts/application (0.8ms)
Completed 200 OK in 26ms (Views: 22.5ms)


Started GET "/politica" for 127.0.0.1 at 2017-11-01 09:50:44 -0500
Processing by PagesController#politica as HTML
  Rendering pages/politica.html.erb within layouts/application
  Rendered pages/politica.html.erb within layouts/application (0.9ms)
Completed 200 OK in 31ms (Views: 25.7ms)


Started GET "/" for 127.0.0.1 at 2017-11-01 09:50:49 -0500
Processing by PagesController#home as HTML
  Rendering pages/home.html.erb within layouts/application
  Rendered pages/home.html.erb within layouts/application (1.5ms)
Completed 200 OK in 30ms (Views: 25.8ms)


Started GET "/about" for 127.0.0.1 at 2017-11-01 09:50:57 -0500
Processing by PagesController#about as HTML
  Rendering pages/about.html.erb within layouts/application
  Rendered pages/about.html.erb within layouts/application (0.9ms)
Completed 200 OK in 28ms (Views: 24.1ms)


Started GET "/" for 127.0.0.1 at 2017-11-01 09:51:08 -0500
Processing by PagesController#home as HTML
  Rendering pages/home.html.erb within layouts/application
  Rendered pages/home.html.erb within layouts/application (1.0ms)
Completed 200 OK in 29ms (Views: 23.8ms)


